/Users/jackyho/.rvm/gems/ruby-2.1.2/gems/activerecord-4.1.4/lib/active_record/connection_adapters/postgresql_adapter.rb:898:in `rescue in connect': FATAL:  role "monbattle" does not exist (ActiveRecord::NoDatabaseError)
Run `$ bin/rake db:create db:migrate` to create your database
	from /Users/jackyho/.rvm/gems/ruby-2.1.2/gems/activerecord-4.1.4/lib/active_record/connection_adapters/postgresql_adapter.rb:888:in `connect'
	from /Users/jackyho/.rvm/gems/ruby-2.1.2/gems/activerecord-4.1.4/lib/active_record/connection_adapters/postgresql_adapter.rb:568:in `initialize'
	from /Users/jackyho/.rvm/gems/ruby-2.1.2/gems/activerecord-4.1.4/lib/active_record/connection_adapters/postgresql_adapter.rb:41:in `new'
	from /Users/jackyho/.rvm/gems/ruby-2.1.2/gems/activerecord-4.1.4/lib/active_record/connection_adapters/postgresql_adapter.rb:41:in `postgresql_connection'
	from /Users/jackyho/.rvm/gems/ruby-2.1.2/gems/activerecord-4.1.4/lib/active_record/connection_adapters/abstract/connection_pool.rb:435:in `new_connection'
	from /Users/jackyho/.rvm/gems/ruby-2.1.2/gems/activerecord-4.1.4/lib/active_record/connection_adapters/abstract/connection_pool.rb:445:in `checkout_new_connection'
	from /Users/jackyho/.rvm/gems/ruby-2.1.2/gems/activerecord-4.1.4/lib/active_record/connection_adapters/abstract/connection_pool.rb:416:in `acquire_connection'
	from /Users/jackyho/.rvm/gems/ruby-2.1.2/gems/activerecord-4.1.4/lib/active_record/connection_adapters/abstract/connection_pool.rb:351:in `block in checkout'
	from /Users/jackyho/.rvm/rubies/ruby-2.1.2/lib/ruby/2.1.0/monitor.rb:211:in `mon_synchronize'
	from /Users/jackyho/.rvm/gems/ruby-2.1.2/gems/activerecord-4.1.4/lib/active_record/connection_adapters/abstract/connection_pool.rb:350:in `checkout'
	from /Users/jackyho/.rvm/gems/ruby-2.1.2/gems/activerecord-4.1.4/lib/active_record/connection_adapters/abstract/connection_pool.rb:265:in `block in connection'
	from /Users/jackyho/.rvm/rubies/ruby-2.1.2/lib/ruby/2.1.0/monitor.rb:211:in `mon_synchronize'
	from /Users/jackyho/.rvm/gems/ruby-2.1.2/gems/activerecord-4.1.4/lib/active_record/connection_adapters/abstract/connection_pool.rb:264:in `connection'
	from /Users/jackyho/.rvm/gems/ruby-2.1.2/gems/activerecord-4.1.4/lib/active_record/connection_adapters/abstract/connection_pool.rb:541:in `retrieve_connection'
	from /Users/jackyho/.rvm/gems/ruby-2.1.2/gems/activerecord-4.1.4/lib/active_record/connection_handling.rb:113:in `retrieve_connection'
	from /Users/jackyho/.rvm/gems/ruby-2.1.2/gems/activerecord-4.1.4/lib/active_record/connection_handling.rb:87:in `connection'
	from /Users/jackyho/.rvm/gems/ruby-2.1.2/gems/activerecord-4.1.4/lib/active_record/querying.rb:39:in `find_by_sql'
	from /Users/jackyho/.rvm/gems/ruby-2.1.2/gems/activerecord-4.1.4/lib/active_record/relation.rb:604:in `exec_queries'
	from /Users/jackyho/.rvm/gems/ruby-2.1.2/gems/activerecord-4.1.4/lib/active_record/relation.rb:486:in `load'
	from /Users/jackyho/.rvm/gems/ruby-2.1.2/gems/activerecord-4.1.4/lib/active_record/relation.rb:231:in `to_a'
	from /Users/jackyho/.rvm/gems/ruby-2.1.2/gems/activerecord-4.1.4/lib/active_record/relation/delegation.rb:46:in `each'
	from /Users/jackyho/Documents/Me/monbattle/app/models/summoner.rb:18:in `quest_begin'
	from /Users/jackyho/.rvm/gems/ruby-2.1.2/gems/railties-4.1.4/lib/rails/commands/runner.rb:62:in `<top (required)>'
	from /Users/jackyho/.rvm/gems/ruby-2.1.2/gems/railties-4.1.4/lib/rails/commands/runner.rb:62:in `eval'
	from /Users/jackyho/.rvm/gems/ruby-2.1.2/gems/railties-4.1.4/lib/rails/commands/runner.rb:62:in `<top (required)>'
	from /Users/jackyho/.rvm/gems/ruby-2.1.2/gems/activesupport-4.1.4/lib/active_support/dependencies.rb:247:in `require'
	from /Users/jackyho/.rvm/gems/ruby-2.1.2/gems/activesupport-4.1.4/lib/active_support/dependencies.rb:247:in `block in require'
	from /Users/jackyho/.rvm/gems/ruby-2.1.2/gems/activesupport-4.1.4/lib/active_support/dependencies.rb:232:in `load_dependency'
	from /Users/jackyho/.rvm/gems/ruby-2.1.2/gems/activesupport-4.1.4/lib/active_support/dependencies.rb:247:in `require'
	from /Users/jackyho/.rvm/gems/ruby-2.1.2/gems/railties-4.1.4/lib/rails/commands/commands_tasks.rb:128:in `require_command!'
	from /Users/jackyho/.rvm/gems/ruby-2.1.2/gems/railties-4.1.4/lib/rails/commands/commands_tasks.rb:95:in `runner'
	from /Users/jackyho/.rvm/gems/ruby-2.1.2/gems/railties-4.1.4/lib/rails/commands/commands_tasks.rb:40:in `run_command!'
	from /Users/jackyho/.rvm/gems/ruby-2.1.2/gems/railties-4.1.4/lib/rails/commands.rb:17:in `<top (required)>'
	from /Users/jackyho/.rvm/gems/ruby-2.1.2/gems/activesupport-4.1.4/lib/active_support/dependencies.rb:247:in `require'
	from /Users/jackyho/.rvm/gems/ruby-2.1.2/gems/activesupport-4.1.4/lib/active_support/dependencies.rb:247:in `block in require'
	from /Users/jackyho/.rvm/gems/ruby-2.1.2/gems/activesupport-4.1.4/lib/active_support/dependencies.rb:232:in `load_dependency'
	from /Users/jackyho/.rvm/gems/ruby-2.1.2/gems/activesupport-4.1.4/lib/active_support/dependencies.rb:247:in `require'
	from /Users/jackyho/Documents/Me/monbattle/bin/rails:8:in `<top (required)>'
	from /Users/jackyho/.rvm/gems/ruby-2.1.2/gems/activesupport-4.1.4/lib/active_support/dependencies.rb:241:in `load'
	from /Users/jackyho/.rvm/gems/ruby-2.1.2/gems/activesupport-4.1.4/lib/active_support/dependencies.rb:241:in `block in load'
	from /Users/jackyho/.rvm/gems/ruby-2.1.2/gems/activesupport-4.1.4/lib/active_support/dependencies.rb:232:in `load_dependency'
	from /Users/jackyho/.rvm/gems/ruby-2.1.2/gems/activesupport-4.1.4/lib/active_support/dependencies.rb:241:in `load'
	from /Users/jackyho/.rvm/rubies/ruby-2.1.2/lib/ruby/2.1.0/rubygems/core_ext/kernel_require.rb:55:in `require'
	from /Users/jackyho/.rvm/rubies/ruby-2.1.2/lib/ruby/2.1.0/rubygems/core_ext/kernel_require.rb:55:in `require'
	from -e:1:in `<main>'
>>>>>>>> STARTING QUEST BEGIN
